e:\jammei\sdl_game\sdl_game\debug\vc120.pdb
e:\jammei\sdl_game\sdl_game\debug\vc120.idb
e:\jammei\sdl_game\sdl_game\debug\audio.obj
e:\jammei\sdl_game\sdl_game\debug\audio.asm
e:\jammei\sdl_game\sdl_game\debug\bullet.obj
e:\jammei\sdl_game\sdl_game\debug\bullet.asm
e:\jammei\sdl_game\sdl_game\debug\controller.obj
e:\jammei\sdl_game\sdl_game\debug\controller.asm
e:\jammei\sdl_game\sdl_game\debug\enemy.obj
e:\jammei\sdl_game\sdl_game\debug\enemy.asm
e:\jammei\sdl_game\sdl_game\debug\gameloop.obj
e:\jammei\sdl_game\sdl_game\debug\gameloop.asm
e:\jammei\sdl_game\sdl_game\debug\main.obj
e:\jammei\sdl_game\sdl_game\debug\main.asm
e:\jammei\sdl_game\sdl_game\debug\powerup.obj
e:\jammei\sdl_game\sdl_game\debug\powerup.asm
e:\jammei\sdl_game\sdl_game\debug\sdl_operations.obj
e:\jammei\sdl_game\sdl_game\debug\sdl_operations.asm
e:\jammei\sdl_game\sdl_game\debug\startgame.obj
e:\jammei\sdl_game\sdl_game\debug\startgame.asm
e:\jammei\sdl_game\sdl_game\debug\utilitycode.obj
e:\jammei\sdl_game\sdl_game\debug\utilitycode.asm
e:\jammei\sdl_game\debug\sdl_game.ilk
e:\jammei\sdl_game\debug\sdl_game.exe
e:\jammei\sdl_game\debug\sdl_game.pdb
e:\jammei\sdl_game\sdl_game\debug\sdl_game.tlog\cl.read.3.tlog
e:\jammei\sdl_game\sdl_game\debug\sdl_game.tlog\cl.read.5.tlog
e:\jammei\sdl_game\sdl_game\debug\sdl_game.tlog\cl.read.2.tlog
e:\jammei\sdl_game\sdl_game\debug\sdl_game.tlog\cl.read.4.tlog
e:\jammei\sdl_game\sdl_game\debug\sdl_game.tlog\cl.read.1.tlog
e:\jammei\sdl_game\sdl_game\debug\sdl_game.tlog\cl.write.1.tlog
e:\jammei\sdl_game\sdl_game\debug\sdl_game.tlog\cl.command.1.tlog
e:\jammei\sdl_game\sdl_game\debug\sdl_game.tlog\link.command.1.tlog
e:\jammei\sdl_game\sdl_game\debug\sdl_game.tlog\link.read.1.tlog
e:\jammei\sdl_game\sdl_game\debug\sdl_game.tlog\link.write.1.tlog
