Build started 19/01/2015 01:54:04.
     1>Project "E:\Jammei\SDL_Game\SDL_Game\SDL_Game.vcxproj" on node 2 (Build target(s)).
     1>ClCompile:
         C:\Program Files (x86)\Microsoft Visual Studio 12.0\VC\bin\CL.exe /c /I"SDL\SDL2-2.0.3\include" /I"I:\SDKs\SDL2-2.0.3\include" /I"SDL\SDL2_mixer-2.0.0\include" /Zi /nologo /W4 /WX- /O2 /Oi /Oy- /GL /D _USING_V110_SDK71_ /D _MBCS /Gm- /EHsc /MD /GS /Gy /fp:precise /Zc:wchar_t /Zc:forScope /Fo"Release\\" /Fd"Release\vc120.pdb" /Gd /TP /analyze- /errorReport:prompt Audio.cpp Bullet.cpp Controller.cpp GameLoop.cpp PowerUp.cpp SDL_Operations.cpp StartGame.cpp main.cpp
         Audio.cpp
     1>Audio.cpp(29): warning C4100: 'userdata' : unreferenced formal parameter
         Bullet.cpp
         Controller.cpp
         GameLoop.cpp
         PowerUp.cpp
         SDL_Operations.cpp
         StartGame.cpp
         main.cpp
       Link:
         C:\Program Files (x86)\Microsoft Visual Studio 12.0\VC\bin\link.exe /ERRORREPORT:PROMPT /OUT:"E:\Jammei\SDL_Game\Release\SDL_Game.exe" /NOLOGO /LIBPATH:"SDL\SDL2-2.0.3\lib\x86" /LIBPATH:"I:\SDKs\SDL2-2.0.3\lib\x86" /LIBPATH:"SDL\SDL2_mixer-2.0.0\lib\x86" SDL2.lib SDL2main.lib SDL2_mixer.lib Xinput.lib kernel32.lib user32.lib gdi32.lib winspool.lib comdlg32.lib advapi32.lib shell32.lib ole32.lib oleaut32.lib uuid.lib odbc32.lib odbccp32.lib /MANIFEST /MANIFESTUAC:"level='asInvoker' uiAccess='false'" /manifest:embed /DEBUG /PDB:"E:\Jammei\SDL_Game\Release\SDL_Game.pdb" /SUBSYSTEM:CONSOLE,"5.01" /OPT:REF /OPT:ICF /LTCG /TLBID:1 /DYNAMICBASE /NXCOMPAT /IMPLIB:"E:\Jammei\SDL_Game\Release\SDL_Game.lib" /MACHINE:X86 /SAFESEH Release\Audio.obj
         Release\Bullet.obj
         Release\Controller.obj
         Release\Enemy.obj
         Release\GameLoop.obj
         Release\main.obj
         Release\PowerUp.obj
         Release\SDL_Operations.obj
         Release\StartGame.obj
         Generating code
         Finished generating code
         SDL_Game.vcxproj -> E:\Jammei\SDL_Game\Release\SDL_Game.exe
     1>Done Building Project "E:\Jammei\SDL_Game\SDL_Game\SDL_Game.vcxproj" (Build target(s)).

Build succeeded.

Time Elapsed 00:00:24.77
